<?xml version="1.0" encoding="UTF-8"?>
<testng-results skipped="0" failed="0" total="2" passed="2">
  <reporter-output>
  </reporter-output>
  <suite name="Suite" duration-ms="50" started-at="2018-01-18T00:51:10Z" finished-at="2018-01-18T00:51:10Z">
    <groups>
    </groups>
    <test name="Test" duration-ms="50" started-at="2018-01-18T00:51:10Z" finished-at="2018-01-18T00:51:10Z">
      <class name="com.javacodegeeks.testng.maven.TestMaven.AppTest">
        <test-method status="PASS" signature="AppTest1()[pri:0, instance:com.javacodegeeks.testng.maven.TestMaven.AppTest@5afa04c]" name="AppTest1" duration-ms="14" started-at="2018-01-18T11:51:10Z" finished-at="2018-01-18T11:51:10Z">
          <reporter-output>
          </reporter-output>
        </test-method> <!-- AppTest1 -->
        <test-method status="PASS" signature="AppTest2()[pri:0, instance:com.javacodegeeks.testng.maven.TestMaven.AppTest@5afa04c]" name="AppTest2" duration-ms="7" started-at="2018-01-18T11:51:10Z" finished-at="2018-01-18T11:51:10Z">
          <reporter-output>
          </reporter-output>
        </test-method> <!-- AppTest2 -->
      </class> <!-- com.javacodegeeks.testng.maven.TestMaven.AppTest -->
    </test> <!-- Test -->
  </suite> <!-- Suite -->
</testng-results>
